2022-11-27 19:52:40,722     INFO       matica.py               Числовые уравнения. Запуск
2022-11-27 19:52:40,738     INFO       matica.py               Уравнение 1
2022-11-27 19:52:40,738     INFO       equations.py            Элементы выражения 14 11 8 17
2022-11-27 19:52:40,738     INFO       equations.py            Составлено уравнение '14 + (x - 8) = 17' Ответ 11
2022-11-27 19:52:56,707     INFO       equations.py            Решено
2022-11-27 19:52:56,707     INFO       matica.py               Уравнение 2
2022-11-27 19:52:56,707     INFO       equations.py            Элементы выражения 44 44 39 39
2022-11-27 19:52:56,707     INFO       equations.py            Составлено уравнение 'x - (44 - 39) = 39' Ответ 44
2022-11-27 19:53:06,535     INFO       equations.py            Решено
2022-11-27 19:53:06,535     INFO       matica.py               Уравнение 3
2022-11-27 19:53:06,535     INFO       equations.py            Элементы выражения 90 52 14 24
2022-11-27 19:53:06,535     INFO       equations.py            Составлено уравнение '90 - (x + 14) = 24' Ответ 52
2022-11-27 19:53:36,978     INFO       equations.py            Не решено. Ввели 56
2022-11-27 19:53:43,194     INFO       equations.py            Решено
2022-11-27 19:53:43,194     INFO       matica.py               Уравнение 4
2022-11-27 19:53:43,194     INFO       equations.py            Элементы выражения 89 126 75 140
2022-11-27 19:53:43,194     INFO       equations.py            Составлено уравнение '89 + (126 - x) = 140' Ответ 75
2022-11-27 19:54:33,533     INFO       equations.py            Не решено. Ввели 76
2022-11-27 19:54:39,742     INFO       equations.py            Решено
2022-11-27 19:54:39,742     INFO       matica.py               Уравнение 5
2022-11-27 19:54:39,742     INFO       equations.py            Элементы выражения 179 280 238 221
2022-11-27 19:54:39,742     INFO       equations.py            Составлено уравнение 'x + (280 - 238) = 221' Ответ 179
2022-11-27 19:55:21,642     INFO       equations.py            Решено
2022-11-27 19:55:21,642     INFO       matica.py               Уравнение 6
2022-11-27 19:55:21,642     INFO       equations.py            Элементы выражения 154 95 8 67
2022-11-27 19:55:21,642     INFO       equations.py            Составлено уравнение 'x - (95 - 8) = 67' Ответ 154
2022-11-27 19:55:41,794     INFO       equations.py            Решено
2022-11-27 19:55:41,794     INFO       matica.py               Уравнение 7
2022-11-27 19:55:41,794     INFO       equations.py            Элементы выражения 532 331 272 591
2022-11-27 19:55:41,794     INFO       equations.py            Составлено уравнение '532 + (x - 272) = 591' Ответ 331
2022-11-27 19:56:50,578     INFO       equations.py            Решено
2022-11-27 19:56:50,609     INFO       matica.py               Уравнение 8
2022-11-27 19:56:50,609     INFO       equations.py            Элементы выражения 459 551 534 476
2022-11-27 19:56:50,609     INFO       equations.py            Составлено уравнение '459 + (x - 534) = 476' Ответ 551
2022-11-27 19:57:11,453     INFO       equations.py            Решено
2022-11-27 19:57:11,469     INFO       matica.py               Уравнение 9
2022-11-27 19:57:11,469     INFO       equations.py            Элементы выражения 215 623 404 434
2022-11-27 19:57:11,469     INFO       equations.py            Составлено уравнение '215 + (623 - x) = 434' Ответ 404
2022-11-27 19:57:45,292     INFO       equations.py            Не решено. Ввели 1
2022-11-27 19:59:08,103     INFO       equations.py            Не решено. Ввели 409
2022-11-27 19:59:54,164     INFO       equations.py            Решено
2022-11-27 19:59:54,164     INFO       matica.py               Уравнение 10
2022-11-27 19:59:54,164     INFO       equations.py            Элементы выражения 1325 1035 46 336
2022-11-27 19:59:54,164     INFO       equations.py            Составлено уравнение '1325 - (x - 46) = 336' Ответ 1035
2022-11-27 20:01:23,406     INFO       equations.py            Решено
